<?xml version="1.0" encoding="UTF-8"?>
<testsuites name="Test Suite 1" time="10" tests="4" failures="0" errors="0">
   <testsuite name="Test Suite 1" tests="4" failures="0" errors="0" time="10" timestamp="2018-12-13 12:34:48" hostname="awisniewska - 192.168.3.156" id="Test Suites/Test Suite 1">
      <properties>
         <property name="deviceName" value=""/>
         <property name="devicePlatform" value=""/>
         <property name="logFolder" value="C:\\Users\\awisniewska\\Katalon Studio\\Sample SOAP API Testing Project\\Reports\\Test Suite 1\\20181213_123446"/>
         <property name="logFiles" value="C:\\Users\\awisniewska\\Katalon Studio\\Sample SOAP API Testing Project\\Reports\\Test Suite 1\\20181213_123446\\execution0.log"/>
         <property name="attachments" value=""/>
         <property name="hostName" value="awisniewska - 192.168.3.156"/>
         <property name="hostAddress" value="192.168.3.156"/>
         <property name="os" value="Windows 10 64bit"/>
         <property name="katalonVersion" value="5.9.1.2"/>
      </properties>
      <testcase name="Test Cases/CalculatorTests/Addition" classname="Test Cases/CalculatorTests/Addition" status="PASSED">
         <system-out><![CDATA[2018-12-13 12:34:48 - [TEST_CASE][PASSED] - Test Cases/CalculatorTests/Addition: Test Cases/CalculatorTests/Addition

2018-12-13 12:34:49 - [TEST_STEP][PASSED] - sendRequest(findTestObject("CalculatorSoapService/Addition")): Send request successfully

2018-12-13 12:34:51 - [MESSAGE][INFO] - HAR: C:\Users\awisniewska\Katalon Studio\Sample SOAP API Testing Project\Reports\Test Suite 1\20181213_123446\requests\main\0.har

2018-12-13 12:34:51 - [MESSAGE][PASSED] - Send request successfully

2018-12-13 12:34:51 - [TEST_STEP][PASSED] - response = sendRequestAndVerify(findTestObject("CalculatorSoapService/Addition")): Send request and verify the response successfully

2018-12-13 12:34:52 - [TEST_CASE][PASSED] - Start Test Case : Verification: Verification accomplished successfully

2018-12-13 12:34:53 - [TEST_STEP][PASSED] - request = getInstance().getCurrentRequest(): null

2018-12-13 12:34:53 - [TEST_STEP][PASSED] - response = getInstance().getCurrentResponse(): null

2018-12-13 12:34:53 - [TEST_STEP][PASSED] - verifyResponseStatusCode(response, 200): Verify response status code successfully

2018-12-13 12:34:53 - [MESSAGE][PASSED] - Verify response status code successfully

2018-12-13 12:34:53 - [TEST_STEP][PASSED] - getStatusCode()).isEqualTo(200): null

2018-12-13 12:34:53 - [TEST_STEP][PASSED] - getResponseText()).contains("AddResult"): null

2018-12-13 12:34:53 - [TEST_STEP][PASSED] - verifyElementPropertyValue(response, "AddResponse.AddResult", "6"): Verify element property value successfully

2018-12-13 12:34:53 - [MESSAGE][PASSED] - Verify element property value successfully

2018-12-13 12:34:53 - [MESSAGE][PASSED] - Verify response successfully

2018-12-13 12:34:53 - [MESSAGE][PASSED] - Send request and verify the response successfully

2018-12-13 12:34:53 - [TEST_STEP][PASSED] - verifyElementPropertyValue(response, "AddRespose.AddResult", "6"): Verify element property value successfully

2018-12-13 12:34:53 - [MESSAGE][PASSED] - Verify element property value successfully]]></system-out>
         <system-err><![CDATA[]]></system-err>
      </testcase>
      <testcase name="Test Cases/GetBankDetails" classname="Test Cases/GetBankDetails" status="PASSED">
         <system-out><![CDATA[2018-12-13 12:34:53 - [TEST_CASE][PASSED] - Test Cases/GetBankDetails: Test Cases/GetBankDetails

2018-12-13 12:34:53 - [TEST_STEP][PASSED] - sendRequest(findTestObject("SOAP/getBank")): Send request successfully

2018-12-13 12:34:54 - [MESSAGE][INFO] - HAR: C:\Users\awisniewska\Katalon Studio\Sample SOAP API Testing Project\Reports\Test Suite 1\20181213_123446\requests\main\1.har

2018-12-13 12:34:54 - [MESSAGE][PASSED] - Send request successfully]]></system-out>
         <system-err><![CDATA[]]></system-err>
      </testcase>
      <testcase name="Test Cases/LIstUSersTest" classname="Test Cases/LIstUSersTest" status="PASSED">
         <system-out><![CDATA[2018-12-13 12:34:54 - [TEST_CASE][PASSED] - Test Cases/LIstUSersTest: Test Cases/LIstUSersTest

2018-12-13 12:34:54 - [TEST_STEP][PASSED] - sendRequest(findTestObject("UserRestService/UserList")): Send request successfully

2018-12-13 12:34:55 - [MESSAGE][INFO] - HAR: C:\Users\awisniewska\Katalon Studio\Sample SOAP API Testing Project\Reports\Test Suite 1\20181213_123446\requests\main\2.har

2018-12-13 12:34:55 - [MESSAGE][PASSED] - Send request successfully

2018-12-13 12:34:55 - [TEST_STEP][PASSED] - response = sendRequestAndVerify(findTestObject("UserRestService/UserList")): Send request and verify the response successfully

2018-12-13 12:34:55 - [TEST_CASE][PASSED] - Start Test Case : Verification: Verification accomplished successfully

2018-12-13 12:34:55 - [TEST_STEP][PASSED] - request = getInstance().getCurrentRequest(): null

2018-12-13 12:34:55 - [TEST_STEP][PASSED] - response = getInstance().getCurrentResponse(): null

2018-12-13 12:34:55 - [TEST_STEP][PASSED] - verifyResponseStatusCode(response, 200): Verify response status code successfully

2018-12-13 12:34:55 - [MESSAGE][PASSED] - Verify response status code successfully

2018-12-13 12:34:55 - [TEST_STEP][PASSED] - getStatusCode()).isEqualTo(200): null

2018-12-13 12:34:55 - [TEST_STEP][PASSED] - verifyElementPropertyValue(response, "data[1].first_name", "Charles"): Verify element property value successfully

2018-12-13 12:34:55 - [MESSAGE][PASSED] - Verify element property value successfully

2018-12-13 12:34:55 - [MESSAGE][PASSED] - Verify response successfully

2018-12-13 12:34:55 - [MESSAGE][PASSED] - Send request and verify the response successfully

2018-12-13 12:34:55 - [TEST_STEP][PASSED] - verifyElementPropertyValue(response, "data[1].first_name", "Charles"): Verify element property value successfully

2018-12-13 12:34:55 - [MESSAGE][PASSED] - Verify element property value successfully

2018-12-13 12:34:55 - [TEST_STEP][PASSED] - verifyElementPropertyValue(response, "data[2].id", "6"): Verify element property value successfully

2018-12-13 12:34:55 - [MESSAGE][PASSED] - Verify element property value successfully

2018-12-13 12:34:55 - [TEST_STEP][PASSED] - verifyElementsCount(response, "data", 3): Verify element count successfully

2018-12-13 12:34:56 - [MESSAGE][PASSED] - Verify element count successfully

2018-12-13 12:34:56 - [TEST_STEP][PASSED] - verifyResponseStatusCodeInRange(response, 100, 200): Verify response status code successfully

2018-12-13 12:34:56 - [MESSAGE][PASSED] - Verify response status code successfully]]></system-out>
         <system-err><![CDATA[]]></system-err>
      </testcase>
      <testcase name="Test Cases/TestHTTPMethods" classname="Test Cases/TestHTTPMethods" status="PASSED">
         <system-out><![CDATA[2018-12-13 12:34:56 - [TEST_CASE][PASSED] - Test Cases/TestHTTPMethods: Test Cases/TestHTTPMethods

2018-12-13 12:34:56 - [TEST_STEP][PASSED] - sendRequestAndVerify(findTestObject("UserRestService/UserList")): Send request and verify the response successfully

2018-12-13 12:34:56 - [TEST_CASE][PASSED] - Start Test Case : Verification: Verification accomplished successfully

2018-12-13 12:34:56 - [TEST_STEP][PASSED] - request = getInstance().getCurrentRequest(): null

2018-12-13 12:34:56 - [TEST_STEP][PASSED] - response = getInstance().getCurrentResponse(): null

2018-12-13 12:34:56 - [TEST_STEP][PASSED] - verifyResponseStatusCode(response, 200): Verify response status code successfully

2018-12-13 12:34:56 - [MESSAGE][PASSED] - Verify response status code successfully

2018-12-13 12:34:56 - [TEST_STEP][PASSED] - getStatusCode()).isEqualTo(200): null

2018-12-13 12:34:56 - [TEST_STEP][PASSED] - verifyElementPropertyValue(response, "data[1].first_name", "Charles"): Verify element property value successfully

2018-12-13 12:34:56 - [MESSAGE][PASSED] - Verify element property value successfully

2018-12-13 12:34:56 - [MESSAGE][PASSED] - Verify response successfully

2018-12-13 12:34:56 - [MESSAGE][PASSED] - Send request and verify the response successfully

2018-12-13 12:34:56 - [TEST_STEP][PASSED] - sendRequestAndVerify(findTestObject("UserRestService/DeleteUser")): Send request and verify the response successfully

2018-12-13 12:34:57 - [TEST_CASE][PASSED] - Start Test Case : Verification: Verification accomplished successfully

2018-12-13 12:34:57 - [TEST_STEP][PASSED] - request = getInstance().getCurrentRequest(): null

2018-12-13 12:34:57 - [TEST_STEP][PASSED] - response = getInstance().getCurrentResponse(): null

2018-12-13 12:34:57 - [TEST_STEP][PASSED] - verifyResponseStatusCode(response, 204): Verify response status code successfully

2018-12-13 12:34:57 - [MESSAGE][PASSED] - Verify response status code successfully

2018-12-13 12:34:57 - [TEST_STEP][PASSED] - getStatusCode()).isEqualTo(204): null

2018-12-13 12:34:57 - [MESSAGE][PASSED] - Verify response successfully

2018-12-13 12:34:57 - [MESSAGE][PASSED] - Send request and verify the response successfully

2018-12-13 12:34:57 - [TEST_STEP][PASSED] - sendRequestAndVerify(findTestObject("UserRestService/UpdateUser")): Send request and verify the response successfully

2018-12-13 12:34:57 - [TEST_CASE][PASSED] - Start Test Case : Verification: Verification accomplished successfully

2018-12-13 12:34:57 - [TEST_STEP][PASSED] - request = getInstance().getCurrentRequest(): null

2018-12-13 12:34:57 - [TEST_STEP][PASSED] - response = getInstance().getCurrentResponse(): null

2018-12-13 12:34:57 - [TEST_STEP][PASSED] - verifyResponseStatusCode(response, 200): Verify response status code successfully

2018-12-13 12:34:57 - [MESSAGE][PASSED] - Verify response status code successfully

2018-12-13 12:34:57 - [TEST_STEP][PASSED] - getStatusCode()).isEqualTo(200): null

2018-12-13 12:34:57 - [MESSAGE][PASSED] - Verify response successfully

2018-12-13 12:34:57 - [MESSAGE][PASSED] - Send request and verify the response successfully

2018-12-13 12:34:57 - [TEST_STEP][PASSED] - sendRequestAndVerify(findTestObject("UserRestService/CreateUser")): Send request and verify the response successfully

2018-12-13 12:34:58 - [TEST_CASE][PASSED] - Start Test Case : Verification: Verification accomplished successfully

2018-12-13 12:34:58 - [TEST_STEP][PASSED] - request = getInstance().getCurrentRequest(): null

2018-12-13 12:34:58 - [TEST_STEP][PASSED] - response = getInstance().getCurrentResponse(): null

2018-12-13 12:34:58 - [TEST_STEP][PASSED] - verifyResponseStatusCode(response, 201): Verify response status code successfully

2018-12-13 12:34:58 - [MESSAGE][PASSED] - Verify response status code successfully

2018-12-13 12:34:58 - [TEST_STEP][PASSED] - getStatusCode()).isEqualTo(201): null

2018-12-13 12:34:58 - [MESSAGE][PASSED] - Verify response successfully

2018-12-13 12:34:58 - [MESSAGE][PASSED] - Send request and verify the response successfully]]></system-out>
         <system-err><![CDATA[]]></system-err>
      </testcase>
      <system-out><![CDATA[2018-12-13 12:34:48 - [TEST_SUITE][PASSED] - Test Suite 1: Test Cases/TestHTTPMethods]]></system-out>
      <system-err><![CDATA[]]></system-err>
   </testsuite>
</testsuites>
